<?xml version="1.0" encoding="UTF-8"?>
<!-- Generated by org.testng.reporters.JUnitXMLReporter -->
<testsuite ignored="0" hostname="DESKTOP-VAOCJM1" failures="0" tests="4" name="SauceDemoTests" time="28.082" errors="0" timestamp="2026-06-30T16:23:59 IST">
  <testcase classname="tests.LoginTest" name="testInvalidLogin" time="0.196"/>
  <testcase classname="tests.LoginTest" name="testValidLogin" time="0.29"/>
  <testcase classname="tests.CheckoutTest" name="testCheckoutPageFieldsSoft" time="0.758"/>
  <testcase classname="tests.CheckoutTest" name="testEndToEndCheckout" time="15.113"/>
</testsuite> <!-- SauceDemoTests -->
