<?xml version="1.0" encoding="UTF-8"?>
<!-- Generated by org.testng.reporters.JUnitXMLReporter -->
<testsuite ignored="0" hostname="DESKTOP-VAOCJM1" failures="0" tests="3" name="SauceDemoTests" time="29.404" errors="0" timestamp="2026-06-30T14:07:10 IST">
  <testcase classname="tests.LoginTest" name="testInvalidLogin" time="0.49"/>
  <testcase classname="tests.LoginTest" name="testValidLogin" time="1.185"/>
  <testcase classname="tests.CheckoutTest" name="testEndToEndCheckout" time="15.822"/>
</testsuite> <!-- SauceDemoTests -->
