<?xml version="1.0" encoding="UTF-8"?>
<testng-results ignored="0" total="3" passed="3" failed="0" skipped="0">
  <reporter-output>
  </reporter-output>
  <suite started-at="2026-06-30T14:06:40 IST" name="SauceDemoSuite" finished-at="2026-06-30T14:07:10 IST" duration-ms="29404">
    <groups>
    </groups>
    <test started-at="2026-06-30T14:06:40 IST" name="SauceDemoTests" finished-at="2026-06-30T14:07:10 IST" duration-ms="29404">
      <class name="tests.LoginTest">
        <test-method is-config="true" signature="setUp()[pri:0, instance:tests.LoginTest@692f203f]" started-at="2026-06-30T14:06:40 IST" name="setUp" finished-at="2026-06-30T14:06:44 IST" duration-ms="3437" status="PASS">
          <reporter-output>
          </reporter-output>
        </test-method> <!-- setUp -->
        <test-method signature="testInvalidLogin()[pri:0, instance:tests.LoginTest@692f203f]" started-at="2026-06-30T14:06:44 IST" name="testInvalidLogin" finished-at="2026-06-30T14:06:44 IST" duration-ms="490" status="PASS">
          <reporter-output>
          </reporter-output>
        </test-method> <!-- testInvalidLogin -->
        <test-method is-config="true" signature="tearDown()[pri:0, instance:tests.LoginTest@692f203f]" started-at="2026-06-30T14:06:44 IST" name="tearDown" finished-at="2026-06-30T14:06:45 IST" duration-ms="678" status="PASS">
          <reporter-output>
          </reporter-output>
        </test-method> <!-- tearDown -->
        <test-method is-config="true" signature="setUp()[pri:0, instance:tests.LoginTest@692f203f]" started-at="2026-06-30T14:06:45 IST" name="setUp" finished-at="2026-06-30T14:06:48 IST" duration-ms="3166" status="PASS">
          <reporter-output>
          </reporter-output>
        </test-method> <!-- setUp -->
        <test-method signature="testValidLogin()[pri:0, instance:tests.LoginTest@692f203f]" started-at="2026-06-30T14:06:48 IST" name="testValidLogin" finished-at="2026-06-30T14:06:49 IST" duration-ms="1185" status="PASS">
          <reporter-output>
          </reporter-output>
        </test-method> <!-- testValidLogin -->
        <test-method is-config="true" signature="tearDown()[pri:0, instance:tests.LoginTest@692f203f]" started-at="2026-06-30T14:06:49 IST" name="tearDown" finished-at="2026-06-30T14:06:50 IST" duration-ms="365" status="PASS">
          <reporter-output>
          </reporter-output>
        </test-method> <!-- tearDown -->
      </class> <!-- tests.LoginTest -->
      <class name="tests.CheckoutTest">
        <test-method is-config="true" signature="setUp()[pri:0, instance:tests.CheckoutTest@6025e1b6]" started-at="2026-06-30T14:06:50 IST" name="setUp" finished-at="2026-06-30T14:06:53 IST" duration-ms="3652" status="PASS">
          <reporter-output>
          </reporter-output>
        </test-method> <!-- setUp -->
        <test-method signature="testEndToEndCheckout()[pri:0, instance:tests.CheckoutTest@6025e1b6]" started-at="2026-06-30T14:06:53 IST" name="testEndToEndCheckout" finished-at="2026-06-30T14:07:09 IST" duration-ms="15822" status="PASS">
          <reporter-output>
          </reporter-output>
        </test-method> <!-- testEndToEndCheckout -->
        <test-method is-config="true" signature="tearDown()[pri:0, instance:tests.CheckoutTest@6025e1b6]" started-at="2026-06-30T14:07:09 IST" name="tearDown" finished-at="2026-06-30T14:07:10 IST" duration-ms="551" status="PASS">
          <reporter-output>
          </reporter-output>
        </test-method> <!-- tearDown -->
      </class> <!-- tests.CheckoutTest -->
    </test> <!-- SauceDemoTests -->
  </suite> <!-- SauceDemoSuite -->
</testng-results>
