<?xml version="1.0" encoding="UTF-8"?>
<testng-results ignored="0" total="4" passed="4" failed="0" skipped="0">
  <reporter-output>
  </reporter-output>
  <suite started-at="2026-06-30T16:23:31 IST" name="SauceDemoSuite" finished-at="2026-06-30T16:23:59 IST" duration-ms="28082">
    <groups>
    </groups>
    <test started-at="2026-06-30T16:23:31 IST" name="SauceDemoTests" finished-at="2026-06-30T16:23:59 IST" duration-ms="28082">
      <class name="tests.LoginTest">
        <test-method is-config="true" signature="setUp()[pri:0, instance:tests.LoginTest@48f2bd5b]" started-at="2026-06-30T16:23:31 IST" name="setUp" finished-at="2026-06-30T16:23:33 IST" duration-ms="2005" status="PASS">
          <reporter-output>
          </reporter-output>
        </test-method> <!-- setUp -->
        <test-method signature="testInvalidLogin()[pri:0, instance:tests.LoginTest@48f2bd5b]" started-at="2026-06-30T16:23:33 IST" name="testInvalidLogin" finished-at="2026-06-30T16:23:33 IST" duration-ms="196" status="PASS">
          <reporter-output>
          </reporter-output>
        </test-method> <!-- testInvalidLogin -->
        <test-method is-config="true" signature="tearDown()[pri:0, instance:tests.LoginTest@48f2bd5b]" started-at="2026-06-30T16:23:33 IST" name="tearDown" finished-at="2026-06-30T16:23:34 IST" duration-ms="555" status="PASS">
          <reporter-output>
          </reporter-output>
        </test-method> <!-- tearDown -->
        <test-method is-config="true" signature="setUp()[pri:0, instance:tests.LoginTest@48f2bd5b]" started-at="2026-06-30T16:23:34 IST" name="setUp" finished-at="2026-06-30T16:23:36 IST" duration-ms="1671" status="PASS">
          <reporter-output>
          </reporter-output>
        </test-method> <!-- setUp -->
        <test-method signature="testValidLogin()[pri:0, instance:tests.LoginTest@48f2bd5b]" started-at="2026-06-30T16:23:36 IST" name="testValidLogin" finished-at="2026-06-30T16:23:36 IST" duration-ms="290" status="PASS">
          <reporter-output>
          </reporter-output>
        </test-method> <!-- testValidLogin -->
        <test-method is-config="true" signature="tearDown()[pri:0, instance:tests.LoginTest@48f2bd5b]" started-at="2026-06-30T16:23:36 IST" name="tearDown" finished-at="2026-06-30T16:23:38 IST" duration-ms="2207" status="PASS">
          <reporter-output>
          </reporter-output>
        </test-method> <!-- tearDown -->
      </class> <!-- tests.LoginTest -->
      <class name="tests.CheckoutTest">
        <test-method is-config="true" signature="setUp()[pri:0, instance:tests.CheckoutTest@22ff4249]" started-at="2026-06-30T16:23:38 IST" name="setUp" finished-at="2026-06-30T16:23:40 IST" duration-ms="1655" status="PASS">
          <reporter-output>
          </reporter-output>
        </test-method> <!-- setUp -->
        <test-method signature="testCheckoutPageFieldsSoft()[pri:0, instance:tests.CheckoutTest@22ff4249]" started-at="2026-06-30T16:23:40 IST" name="testCheckoutPageFieldsSoft" finished-at="2026-06-30T16:23:40 IST" duration-ms="758" status="PASS">
          <reporter-output>
          </reporter-output>
        </test-method> <!-- testCheckoutPageFieldsSoft -->
        <test-method is-config="true" signature="tearDown()[pri:0, instance:tests.CheckoutTest@22ff4249]" started-at="2026-06-30T16:23:40 IST" name="tearDown" finished-at="2026-06-30T16:23:41 IST" duration-ms="777" status="PASS">
          <reporter-output>
          </reporter-output>
        </test-method> <!-- tearDown -->
        <test-method is-config="true" signature="setUp()[pri:0, instance:tests.CheckoutTest@22ff4249]" started-at="2026-06-30T16:23:41 IST" name="setUp" finished-at="2026-06-30T16:23:43 IST" duration-ms="1584" status="PASS">
          <reporter-output>
          </reporter-output>
        </test-method> <!-- setUp -->
        <test-method signature="testEndToEndCheckout()[pri:0, instance:tests.CheckoutTest@22ff4249]" started-at="2026-06-30T16:23:43 IST" name="testEndToEndCheckout" finished-at="2026-06-30T16:23:58 IST" duration-ms="15113" status="PASS">
          <reporter-output>
          </reporter-output>
        </test-method> <!-- testEndToEndCheckout -->
        <test-method is-config="true" signature="tearDown()[pri:0, instance:tests.CheckoutTest@22ff4249]" started-at="2026-06-30T16:23:58 IST" name="tearDown" finished-at="2026-06-30T16:23:59 IST" duration-ms="1234" status="PASS">
          <reporter-output>
          </reporter-output>
        </test-method> <!-- tearDown -->
      </class> <!-- tests.CheckoutTest -->
    </test> <!-- SauceDemoTests -->
  </suite> <!-- SauceDemoSuite -->
</testng-results>
